[2018-05-08 15:14:21.829] [jointLog] [info] parsing read library format
[2018-05-08 15:14:21.829] [jointLog] [info] There is 1 library.
[2018-05-08 15:14:21.925] [jointLog] [info] Loading Quasi index
[2018-05-08 15:14:21.925] [jointLog] [info] Loading 32-bit quasi index
[2018-05-08 15:14:26.951] [jointLog] [info] done
[2018-05-08 15:14:26.951] [jointLog] [info] Index contained 57191 targets
[2018-05-08 15:14:27.835] [jointLog] [warning] Fragment GC bias correction is currently *experimental* in single-end libraries.  Please use this option with caution.
[2018-05-08 15:14:28.155] [jointLog] [info] Automatically detected most likely library type as U
[2018-05-08 15:15:26.936] [jointLog] [info] Computed 88383 rich equivalence classes for further processing
[2018-05-08 15:15:26.936] [jointLog] [info] Counted 10247358 total reads in the equivalence classes 
[2018-05-08 15:15:26.961] [jointLog] [info] Mapping rate = 35.2339%

[2018-05-08 15:15:26.961] [jointLog] [info] finished quantifyLibrary()
[2018-05-08 15:15:26.961] [jointLog] [info] Starting optimizer
[2018-05-08 15:15:27.038] [jointLog] [info] Marked 0 weighted equivalence classes as degenerate
[2018-05-08 15:15:27.044] [jointLog] [info] iteration = 0 | max rel diff. = 145.405
[2018-05-08 15:15:26.937] [fileLog] [info] 
At end of round 0
==================
Observed 29083782 total fragments (29083782 in most recent round)

[2018-05-08 15:15:27.100] [jointLog] [info] iteration 11, adjusting effective lengths to account for biases
[2018-05-08 15:16:50.200] [jointLog] [info] Computed expected counts (for bias correction)
[2018-05-08 15:16:50.200] [jointLog] [info] processed bias for 0.0% of the transcripts
[2018-05-08 15:16:56.857] [jointLog] [info] processed bias for 10.0% of the transcripts
[2018-05-08 15:17:03.488] [jointLog] [info] processed bias for 20.0% of the transcripts
[2018-05-08 15:17:10.061] [jointLog] [info] processed bias for 30.0% of the transcripts
[2018-05-08 15:17:16.222] [jointLog] [info] processed bias for 40.0% of the transcripts
[2018-05-08 15:17:22.708] [jointLog] [info] processed bias for 50.0% of the transcripts
[2018-05-08 15:17:29.119] [jointLog] [info] processed bias for 60.0% of the transcripts
[2018-05-08 15:17:35.590] [jointLog] [info] processed bias for 70.0% of the transcripts
[2018-05-08 15:17:42.180] [jointLog] [info] processed bias for 80.0% of the transcripts
[2018-05-08 15:17:46.712] [jointLog] [info] processed bias for 100.0% of the transcripts
[2018-05-08 15:17:47.162] [jointLog] [info] iteration = 100 | max rel diff. = 0.17762
[2018-05-08 15:17:47.660] [jointLog] [info] iteration = 200 | max rel diff. = 0.0800976
[2018-05-08 15:17:48.166] [jointLog] [info] iteration = 300 | max rel diff. = 0.0586874
[2018-05-08 15:17:48.669] [jointLog] [info] iteration = 400 | max rel diff. = 0.0321582
[2018-05-08 15:17:49.174] [jointLog] [info] iteration = 500 | max rel diff. = 0.0534139
[2018-05-08 15:17:49.682] [jointLog] [info] iteration = 600 | max rel diff. = 0.0212599
[2018-05-08 15:17:50.191] [jointLog] [info] iteration = 700 | max rel diff. = 0.0151871
[2018-05-08 15:17:50.703] [jointLog] [info] iteration = 800 | max rel diff. = 0.0133819
[2018-05-08 15:17:51.210] [jointLog] [info] iteration = 900 | max rel diff. = 0.0116901
[2018-05-08 15:17:51.725] [jointLog] [info] iteration = 1000 | max rel diff. = 0.0110385
[2018-05-08 15:17:52.240] [jointLog] [info] iteration = 1100 | max rel diff. = 0.0110386
[2018-05-08 15:17:52.398] [jointLog] [info] iteration = 1132 | max rel diff. = 0.00910358
[2018-05-08 15:17:52.403] [jointLog] [info] Finished optimizer
[2018-05-08 15:17:52.403] [jointLog] [info] writing output 

[2018-05-08 15:17:52.523] [jointLog] [warning] NOTE: Read Lib [raw/B72.fastq.gz] :

Detected a *potential* strand bias > 1% in an unstranded protocol check the file: quants/raw/B72_quant/lib_format_counts.json for details

