[2018-05-08 12:06:54,989] multiqc                                            [DEBUG  ]  No MultiQC config found: /home/mmigdal/Documents/phd/rna_seq_workshop_2018/.local/lib/python3.6/site-packages/multiqc_config.yaml
[2018-05-08 12:06:54,989] multiqc                                            [DEBUG  ]  No MultiQC config found: /home/mmigdal/.multiqc_config.yaml
[2018-05-08 12:06:54,989] multiqc                                            [DEBUG  ]  No MultiQC config found: multiqc_config.yaml
[2018-05-08 12:06:54,989] multiqc                                            [DEBUG  ]  Command used: /home/mmigdal/Documents/phd/rna_seq_workshop_2018/.local/bin/multiqc .
[2018-05-08 12:06:55,305] multiqc                                            [DEBUG  ]  Latest MultiQC version is v1.5
[2018-05-08 12:06:55,305] multiqc                                            [INFO   ]  This is MultiQC v1.5 (ddbedee)
[2018-05-08 12:06:55,305] multiqc                                            [DEBUG  ]  Command     : /home/mmigdal/Documents/phd/rna_seq_workshop_2018/.local/bin/multiqc .
[2018-05-08 12:06:55,305] multiqc                                            [DEBUG  ]  Working dir : /home/mmigdal/Documents/phd/rna_seq_workshop_2018/raw
[2018-05-08 12:06:55,305] multiqc                                            [INFO   ]  Template    : default
[2018-05-08 12:06:55,306] multiqc                                            [INFO   ]  Searching '.'
[2018-05-08 12:06:55,306] multiqc                                            [DEBUG  ]  Analysing modules: custom_content, conpair, peddy, methylQA, qualimap, preseq, quast, qorts, rna_seqc, rsem, rseqc, busco, goleft_indexcov, disambiguate, supernova, deeptools, sargasso, verifybamid, homer, macs2, theta2, snpeff, gatk, htseq, bcftools, featureCounts, dedup, picard, prokka, samblaster, samtools, bamtools, jellyfish, vcftools, bbmap, bismark, hicexplorer, hicup, salmon, kallisto, slamdunk, star, hisat2, tophat, bowtie2, bowtie1, leehom, adapterRemoval, clipandmerge, cutadapt, flexbar, trimmomatic, skewer, sortmerna, biobloomtools, fastq_screen, afterqc, fastqc, clusterflow, bcl2fastq, interop
[2018-05-08 12:06:55,306] multiqc                                            [DEBUG  ]  Using temporary directory for creating report: /tmp/tmpylyzten_
[2018-05-08 12:06:55,431] multiqc                                            [DEBUG  ]  Ignoring file as matched an ignore pattern: B48.fastq.gz
[2018-05-08 12:06:55,431] multiqc                                            [DEBUG  ]  Ignoring file as matched an ignore pattern: C30_fastqc.html
[2018-05-08 12:06:55,431] multiqc                                            [DEBUG  ]  Ignoring file as matched an ignore pattern: A48_fastqc.html
[2018-05-08 12:06:55,431] multiqc                                            [DEBUG  ]  Ignoring file as matched an ignore pattern: A72_fastqc.html
[2018-05-08 12:06:55,431] multiqc                                            [DEBUG  ]  Ignoring file as matched an ignore pattern: C72_fastqc.html
[2018-05-08 12:06:55,432] multiqc                                            [DEBUG  ]  Ignoring file as matched an ignore pattern: A48.fastq.gz
[2018-05-08 12:06:55,456] multiqc                                            [DEBUG  ]  Ignoring file as matched an ignore pattern: B30.fastq.gz
[2018-05-08 12:06:55,456] multiqc                                            [DEBUG  ]  Ignoring file as matched an ignore pattern: A30.fastq.gz
[2018-05-08 12:06:55,456] multiqc                                            [DEBUG  ]  Ignoring file as matched an ignore pattern: C48_fastqc.html
[2018-05-08 12:06:55,457] multiqc                                            [DEBUG  ]  Ignoring file as matched an ignore pattern: A72.fastq.gz
[2018-05-08 12:06:55,457] multiqc                                            [DEBUG  ]  Ignoring file as matched an ignore pattern: B72_fastqc.html
[2018-05-08 12:06:55,457] multiqc                                            [DEBUG  ]  Ignoring file as matched an ignore pattern: B30_fastqc.html
[2018-05-08 12:06:55,458] multiqc                                            [DEBUG  ]  Ignoring file as matched an ignore pattern: C48.fastq.gz
[2018-05-08 12:06:55,458] multiqc                                            [DEBUG  ]  Ignoring file as matched an ignore pattern: C30.fastq.gz
[2018-05-08 12:06:55,458] multiqc                                            [DEBUG  ]  Ignoring file as matched an ignore pattern: B48_fastqc.html
[2018-05-08 12:06:55,459] multiqc                                            [DEBUG  ]  Ignoring file as matched an ignore pattern: C72.fastq.gz
[2018-05-08 12:06:55,460] multiqc                                            [DEBUG  ]  Ignoring file as matched an ignore pattern: B72.fastq.gz
[2018-05-08 12:06:55,461] multiqc                                            [DEBUG  ]  Ignoring file as matched an ignore pattern: A30_fastqc.html
[2018-05-08 12:06:55,801] multiqc                                            [DEBUG  ]  No samples found: custom_content
[2018-05-08 12:06:55,807] multiqc                                            [DEBUG  ]  No samples found: conpair
[2018-05-08 12:06:55,812] multiqc                                            [DEBUG  ]  No samples found: peddy
[2018-05-08 12:06:55,817] multiqc                                            [DEBUG  ]  No samples found: methylQA
[2018-05-08 12:06:55,822] multiqc                                            [DEBUG  ]  No samples found: qualimap
[2018-05-08 12:06:55,827] multiqc                                            [DEBUG  ]  No samples found: preseq
[2018-05-08 12:06:55,832] multiqc                                            [DEBUG  ]  No samples found: quast
[2018-05-08 12:06:55,837] multiqc                                            [DEBUG  ]  No samples found: qorts
[2018-05-08 12:06:55,843] multiqc                                            [DEBUG  ]  No samples found: rna_seqc
[2018-05-08 12:06:55,848] multiqc                                            [DEBUG  ]  No samples found: rsem
[2018-05-08 12:06:55,855] multiqc                                            [DEBUG  ]  No samples found: rseqc
[2018-05-08 12:06:55,861] multiqc                                            [DEBUG  ]  No samples found: busco
[2018-05-08 12:06:55,865] multiqc                                            [DEBUG  ]  No samples found: goleft_indexcov
[2018-05-08 12:06:55,871] multiqc                                            [DEBUG  ]  No samples found: disambiguate
[2018-05-08 12:06:55,876] multiqc                                            [DEBUG  ]  No samples found: supernova
[2018-05-08 12:06:55,883] multiqc                                            [DEBUG  ]  No samples found: deeptools
[2018-05-08 12:06:55,888] multiqc                                            [DEBUG  ]  No samples found: sargasso
[2018-05-08 12:06:55,892] multiqc                                            [DEBUG  ]  No samples found: verifybamid
[2018-05-08 12:06:55,898] multiqc                                            [DEBUG  ]  No samples found: homer
[2018-05-08 12:06:55,903] multiqc                                            [DEBUG  ]  No samples found: macs2
[2018-05-08 12:06:55,908] multiqc                                            [DEBUG  ]  No samples found: theta2
[2018-05-08 12:06:55,913] multiqc                                            [DEBUG  ]  No samples found: snpeff
[2018-05-08 12:06:55,919] multiqc                                            [DEBUG  ]  No samples found: gatk
[2018-05-08 12:06:55,924] multiqc                                            [DEBUG  ]  No samples found: htseq
[2018-05-08 12:06:55,929] multiqc                                            [DEBUG  ]  No samples found: bcftools
[2018-05-08 12:06:55,934] multiqc                                            [DEBUG  ]  No samples found: featureCounts
[2018-05-08 12:06:55,939] multiqc                                            [DEBUG  ]  No samples found: dedup
[2018-05-08 12:06:55,948] multiqc                                            [DEBUG  ]  No samples found: picard
[2018-05-08 12:06:55,953] multiqc                                            [DEBUG  ]  No samples found: prokka
[2018-05-08 12:06:55,957] multiqc                                            [DEBUG  ]  No samples found: samblaster
[2018-05-08 12:06:55,964] multiqc                                            [DEBUG  ]  No samples found: samtools
[2018-05-08 12:06:55,969] multiqc                                            [DEBUG  ]  No samples found: bamtools
[2018-05-08 12:06:55,974] multiqc                                            [DEBUG  ]  No samples found: jellyfish
[2018-05-08 12:06:55,980] multiqc                                            [DEBUG  ]  No samples found: vcftools
[2018-05-08 12:06:55,988] multiqc                                            [DEBUG  ]  No samples found: bbmap
[2018-05-08 12:06:55,993] multiqc                                            [DEBUG  ]  No samples found: bismark
[2018-05-08 12:06:55,998] multiqc                                            [DEBUG  ]  No samples found: hicexplorer
[2018-05-08 12:06:56,003] multiqc                                            [DEBUG  ]  No samples found: hicup
[2018-05-08 12:06:56,008] multiqc                                            [DEBUG  ]  No samples found: salmon
[2018-05-08 12:06:56,013] multiqc                                            [DEBUG  ]  No samples found: kallisto
[2018-05-08 12:06:56,018] multiqc                                            [DEBUG  ]  No samples found: slamdunk
[2018-05-08 12:06:56,023] multiqc                                            [DEBUG  ]  No samples found: star
[2018-05-08 12:06:56,028] multiqc                                            [DEBUG  ]  No samples found: hisat2
[2018-05-08 12:06:56,033] multiqc                                            [DEBUG  ]  No samples found: tophat
[2018-05-08 12:06:56,038] multiqc                                            [DEBUG  ]  No samples found: bowtie2
[2018-05-08 12:06:56,043] multiqc                                            [DEBUG  ]  No samples found: bowtie1
[2018-05-08 12:06:56,048] multiqc                                            [DEBUG  ]  No samples found: leehom
[2018-05-08 12:06:56,053] multiqc                                            [DEBUG  ]  No samples found: adapterRemoval
[2018-05-08 12:06:56,058] multiqc                                            [DEBUG  ]  No samples found: clipandmerge
[2018-05-08 12:06:56,063] multiqc                                            [DEBUG  ]  No samples found: cutadapt
[2018-05-08 12:06:56,068] multiqc                                            [DEBUG  ]  No samples found: flexbar
[2018-05-08 12:06:56,073] multiqc                                            [DEBUG  ]  No samples found: trimmomatic
[2018-05-08 12:06:56,078] multiqc                                            [DEBUG  ]  No samples found: skewer
[2018-05-08 12:06:56,083] multiqc                                            [DEBUG  ]  No samples found: sortmerna
[2018-05-08 12:06:56,088] multiqc                                            [DEBUG  ]  No samples found: biobloomtools
[2018-05-08 12:06:56,093] multiqc                                            [DEBUG  ]  No samples found: fastq_screen
[2018-05-08 12:06:56,098] multiqc                                            [DEBUG  ]  No samples found: afterqc
[2018-05-08 12:06:56,409] multiqc.modules.fastqc.fastqc                      [INFO   ]  Found 9 reports
[2018-05-08 12:06:56,541] multiqc                                            [DEBUG  ]  No samples found: clusterflow
[2018-05-08 12:06:56,546] multiqc                                            [DEBUG  ]  No samples found: bcl2fastq
[2018-05-08 12:06:56,552] multiqc                                            [DEBUG  ]  No samples found: interop
[2018-05-08 12:06:56,573] multiqc                                            [INFO   ]  Compressing plot data
[2018-05-08 12:06:56,810] multiqc                                            [INFO   ]  Report      : multiqc_report.html
[2018-05-08 12:06:56,810] multiqc                                            [INFO   ]  Data        : multiqc_data
[2018-05-08 12:06:56,810] multiqc                                            [DEBUG  ]  Moving data file from '/tmp/tmpylyzten_/multiqc_data/multiqc_data.json' to '/home/mmigdal/Documents/phd/rna_seq_workshop_2018/raw/multiqc_data'
[2018-05-08 12:06:56,811] multiqc                                            [DEBUG  ]  Moving data file from '/tmp/tmpylyzten_/multiqc_data/multiqc_sources.txt' to '/home/mmigdal/Documents/phd/rna_seq_workshop_2018/raw/multiqc_data'
[2018-05-08 12:06:56,812] multiqc                                            [DEBUG  ]  Moving data file from '/tmp/tmpylyzten_/multiqc_data/multiqc_general_stats.txt' to '/home/mmigdal/Documents/phd/rna_seq_workshop_2018/raw/multiqc_data'
[2018-05-08 12:06:56,812] multiqc                                            [DEBUG  ]  Moving data file from '/tmp/tmpylyzten_/multiqc_data/multiqc_fastqc.txt' to '/home/mmigdal/Documents/phd/rna_seq_workshop_2018/raw/multiqc_data'
[2018-05-08 12:06:56,968] multiqc                                            [INFO   ]  MultiQC complete
