[2018-05-08 15:17:53.584] [jointLog] [info] parsing read library format
[2018-05-08 15:17:53.584] [jointLog] [info] There is 1 library.
[2018-05-08 15:17:53.678] [jointLog] [info] Loading Quasi index
[2018-05-08 15:17:53.678] [jointLog] [info] Loading 32-bit quasi index
[2018-05-08 15:17:58.702] [jointLog] [info] done
[2018-05-08 15:17:58.702] [jointLog] [info] Index contained 57191 targets
[2018-05-08 15:17:59.582] [jointLog] [warning] Fragment GC bias correction is currently *experimental* in single-end libraries.  Please use this option with caution.
[2018-05-08 15:17:59.850] [jointLog] [info] Automatically detected most likely library type as U
[2018-05-08 15:18:50.289] [jointLog] [info] Computed 99815 rich equivalence classes for further processing
[2018-05-08 15:18:50.289] [jointLog] [info] Counted 10476054 total reads in the equivalence classes 
[2018-05-08 15:18:50.311] [jointLog] [info] Mapping rate = 41.5306%

[2018-05-08 15:18:50.311] [jointLog] [info] finished quantifyLibrary()
[2018-05-08 15:18:50.311] [jointLog] [info] Starting optimizer
[2018-05-08 15:18:50.374] [jointLog] [info] Marked 0 weighted equivalence classes as degenerate
[2018-05-08 15:18:50.380] [jointLog] [info] iteration = 0 | max rel diff. = 180.743
[2018-05-08 15:18:50.290] [fileLog] [info] 
At end of round 0
==================
Observed 25224904 total fragments (25224904 in most recent round)

[2018-05-08 15:18:50.449] [jointLog] [info] iteration 11, adjusting effective lengths to account for biases
[2018-05-08 15:20:12.297] [jointLog] [info] Computed expected counts (for bias correction)
[2018-05-08 15:20:12.297] [jointLog] [info] processed bias for 0.0% of the transcripts
[2018-05-08 15:20:19.169] [jointLog] [info] processed bias for 10.0% of the transcripts
[2018-05-08 15:20:25.819] [jointLog] [info] processed bias for 20.0% of the transcripts
[2018-05-08 15:20:32.293] [jointLog] [info] processed bias for 30.0% of the transcripts
[2018-05-08 15:20:38.519] [jointLog] [info] processed bias for 40.0% of the transcripts
[2018-05-08 15:20:44.966] [jointLog] [info] processed bias for 50.0% of the transcripts
[2018-05-08 15:20:51.442] [jointLog] [info] processed bias for 60.0% of the transcripts
[2018-05-08 15:20:57.731] [jointLog] [info] processed bias for 70.0% of the transcripts
[2018-05-08 15:21:04.108] [jointLog] [info] processed bias for 80.0% of the transcripts
[2018-05-08 15:21:08.052] [jointLog] [info] processed bias for 100.0% of the transcripts
[2018-05-08 15:21:08.605] [jointLog] [info] iteration = 100 | max rel diff. = 0.166319
[2018-05-08 15:21:09.216] [jointLog] [info] iteration = 200 | max rel diff. = 0.0550441
[2018-05-08 15:21:09.826] [jointLog] [info] iteration = 300 | max rel diff. = 0.0779275
[2018-05-08 15:21:10.438] [jointLog] [info] iteration = 400 | max rel diff. = 0.0435071
[2018-05-08 15:21:11.053] [jointLog] [info] iteration = 500 | max rel diff. = 0.0437429
[2018-05-08 15:21:11.673] [jointLog] [info] iteration = 600 | max rel diff. = 0.0183585
[2018-05-08 15:21:12.293] [jointLog] [info] iteration = 700 | max rel diff. = 0.0153976
[2018-05-08 15:21:12.913] [jointLog] [info] iteration = 800 | max rel diff. = 0.0143155
[2018-05-08 15:21:13.537] [jointLog] [info] iteration = 900 | max rel diff. = 0.0113807
[2018-05-08 15:21:14.175] [jointLog] [info] iteration = 1000 | max rel diff. = 0.0109017
[2018-05-08 15:21:14.814] [jointLog] [info] iteration = 1100 | max rel diff. = 0.0333632
[2018-05-08 15:21:15.017] [jointLog] [info] iteration = 1133 | max rel diff. = 0.00988769
[2018-05-08 15:21:15.022] [jointLog] [info] Finished optimizer
[2018-05-08 15:21:15.022] [jointLog] [info] writing output 

[2018-05-08 15:21:15.153] [jointLog] [warning] NOTE: Read Lib [raw/C30.fastq.gz] :

Detected a *potential* strand bias > 1% in an unstranded protocol check the file: quants/raw/C30_quant/lib_format_counts.json for details

