[2018-05-09 14:49:56.471] [jointLog] [info] parsing read library format
[2018-05-09 14:49:56.471] [jointLog] [info] There is 1 library.
[2018-05-09 14:49:56.562] [jointLog] [info] Loading Quasi index
[2018-05-09 14:49:56.562] [jointLog] [info] Loading 32-bit quasi index
[2018-05-09 14:50:01.901] [jointLog] [info] done
[2018-05-09 14:50:01.901] [jointLog] [info] Index contained 57918 targets
[2018-05-09 14:50:02.316] [jointLog] [info] Automatically detected most likely library type as U
[2018-05-09 14:51:08.280] [fileLog] [info] 
At end of round 0
==================
Observed 31829254 total fragments (31829254 in most recent round)

[2018-05-09 14:51:08.279] [jointLog] [info] Computed 52164 rich equivalence classes for further processing
[2018-05-09 14:51:08.279] [jointLog] [info] Counted 10834079 total reads in the equivalence classes 
[2018-05-09 14:51:08.290] [jointLog] [info] Mapping rate = 34.0381%

[2018-05-09 14:51:08.290] [jointLog] [info] finished quantifyLibrary()
[2018-05-09 14:51:08.290] [jointLog] [info] Starting optimizer
[2018-05-09 14:51:08.336] [jointLog] [info] Marked 0 weighted equivalence classes as degenerate
[2018-05-09 14:51:08.339] [jointLog] [info] iteration = 0 | max rel diff. = 101.971
[2018-05-09 14:51:08.622] [jointLog] [info] iteration = 100 | max rel diff. = 0.107495
[2018-05-09 14:51:08.903] [jointLog] [info] iteration = 200 | max rel diff. = 0.0531198
[2018-05-09 14:51:09.178] [jointLog] [info] iteration = 300 | max rel diff. = 0.0367968
[2018-05-09 14:51:09.460] [jointLog] [info] iteration = 400 | max rel diff. = 0.0262059
[2018-05-09 14:51:09.740] [jointLog] [info] iteration = 500 | max rel diff. = 0.0224111
[2018-05-09 14:51:10.020] [jointLog] [info] iteration = 600 | max rel diff. = 0.0168758
[2018-05-09 14:51:10.299] [jointLog] [info] iteration = 700 | max rel diff. = 0.0143174
[2018-05-09 14:51:10.567] [jointLog] [info] iteration = 800 | max rel diff. = 0.0125992
[2018-05-09 14:51:10.833] [jointLog] [info] iteration = 900 | max rel diff. = 0.0109627
[2018-05-09 14:51:11.104] [jointLog] [info] iteration = 1000 | max rel diff. = 0.0108605
[2018-05-09 14:51:11.195] [jointLog] [info] iteration = 1034 | max rel diff. = 0.00999975
[2018-05-09 14:51:11.200] [jointLog] [info] Finished optimizer
[2018-05-09 14:51:11.200] [jointLog] [info] writing output 

[2018-05-09 14:51:11.308] [jointLog] [info] Computing gene-level abundance estimates
[2018-05-09 14:51:30.054] [jointLog] [info] There were 58867 transcripts mapping to 31901 genes
[2018-05-09 14:51:30.202] [jointLog] [info] Aggregating expressions to gene level
[2018-05-09 14:51:30.294] [jointLog] [info] done
