[2018-05-08 15:21:16.297] [jointLog] [info] parsing read library format
[2018-05-08 15:21:16.297] [jointLog] [info] There is 1 library.
[2018-05-08 15:21:16.389] [jointLog] [info] Loading Quasi index
[2018-05-08 15:21:16.389] [jointLog] [info] Loading 32-bit quasi index
[2018-05-08 15:21:21.421] [jointLog] [info] done
[2018-05-08 15:21:21.421] [jointLog] [info] Index contained 57191 targets
[2018-05-08 15:21:22.300] [jointLog] [warning] Fragment GC bias correction is currently *experimental* in single-end libraries.  Please use this option with caution.
[2018-05-08 15:21:22.562] [jointLog] [info] Automatically detected most likely library type as U
[2018-05-08 15:22:29.778] [jointLog] [info] Computed 110777 rich equivalence classes for further processing
[2018-05-08 15:22:29.778] [jointLog] [info] Counted 12730629 total reads in the equivalence classes 
[2018-05-08 15:22:29.806] [jointLog] [info] Mapping rate = 38.1783%

[2018-05-08 15:22:29.806] [jointLog] [info] finished quantifyLibrary()
[2018-05-08 15:22:29.806] [jointLog] [info] Starting optimizer
[2018-05-08 15:22:29.872] [jointLog] [info] Marked 0 weighted equivalence classes as degenerate
[2018-05-08 15:22:29.880] [jointLog] [info] iteration = 0 | max rel diff. = 208.943
[2018-05-08 15:22:29.779] [fileLog] [info] 
At end of round 0
==================
Observed 33345223 total fragments (33345223 in most recent round)

[2018-05-08 15:22:29.953] [jointLog] [info] iteration 11, adjusting effective lengths to account for biases
[2018-05-08 15:23:54.920] [jointLog] [info] Computed expected counts (for bias correction)
[2018-05-08 15:23:54.920] [jointLog] [info] processed bias for 0.0% of the transcripts
[2018-05-08 15:24:01.492] [jointLog] [info] processed bias for 10.0% of the transcripts
[2018-05-08 15:24:07.930] [jointLog] [info] processed bias for 20.0% of the transcripts
[2018-05-08 15:24:14.202] [jointLog] [info] processed bias for 30.0% of the transcripts
[2018-05-08 15:24:20.317] [jointLog] [info] processed bias for 40.0% of the transcripts
[2018-05-08 15:24:26.620] [jointLog] [info] processed bias for 50.0% of the transcripts
[2018-05-08 15:24:32.688] [jointLog] [info] processed bias for 60.0% of the transcripts
[2018-05-08 15:24:38.981] [jointLog] [info] processed bias for 70.0% of the transcripts
[2018-05-08 15:24:45.506] [jointLog] [info] processed bias for 80.0% of the transcripts
[2018-05-08 15:24:51.905] [jointLog] [info] processed bias for 90.0% of the transcripts
[2018-05-08 15:24:52.840] [jointLog] [info] processed bias for 100.0% of the transcripts
[2018-05-08 15:24:53.441] [jointLog] [info] iteration = 100 | max rel diff. = 0.192228
[2018-05-08 15:24:54.105] [jointLog] [info] iteration = 200 | max rel diff. = 0.0848156
[2018-05-08 15:24:54.773] [jointLog] [info] iteration = 300 | max rel diff. = 0.0365322
[2018-05-08 15:24:55.440] [jointLog] [info] iteration = 400 | max rel diff. = 0.0264612
[2018-05-08 15:24:56.093] [jointLog] [info] iteration = 500 | max rel diff. = 0.0399025
[2018-05-08 15:24:56.768] [jointLog] [info] iteration = 600 | max rel diff. = 0.0264687
[2018-05-08 15:24:57.455] [jointLog] [info] iteration = 700 | max rel diff. = 0.0206765
[2018-05-08 15:24:58.120] [jointLog] [info] iteration = 800 | max rel diff. = 0.0228856
[2018-05-08 15:24:58.784] [jointLog] [info] iteration = 900 | max rel diff. = 0.0273652
[2018-05-08 15:24:59.448] [jointLog] [info] iteration = 1000 | max rel diff. = 0.0100572
[2018-05-08 15:25:00.115] [jointLog] [info] iteration = 1100 | max rel diff. = 0.0100574
[2018-05-08 15:25:00.169] [jointLog] [info] iteration = 1109 | max rel diff. = 0.00970659
[2018-05-08 15:25:00.172] [jointLog] [info] Finished optimizer
[2018-05-08 15:25:00.172] [jointLog] [info] writing output 

[2018-05-08 15:25:00.289] [jointLog] [warning] NOTE: Read Lib [raw/C48.fastq.gz] :

Detected a *potential* strand bias > 1% in an unstranded protocol check the file: quants/raw/C48_quant/lib_format_counts.json for details

