[2018-05-09 14:56:56.975] [jointLog] [info] parsing read library format
[2018-05-09 14:56:56.975] [jointLog] [info] There is 1 library.
[2018-05-09 14:56:57.069] [jointLog] [info] Loading Quasi index
[2018-05-09 14:56:57.069] [jointLog] [info] Loading 32-bit quasi index
[2018-05-09 14:57:02.221] [jointLog] [info] done
[2018-05-09 14:57:02.221] [jointLog] [info] Index contained 57918 targets
[2018-05-09 14:57:02.532] [jointLog] [info] Automatically detected most likely library type as U
[2018-05-09 14:58:05.788] [fileLog] [info] 
At end of round 0
==================
Observed 29083782 total fragments (29083782 in most recent round)

[2018-05-09 14:58:05.788] [jointLog] [info] Computed 86514 rich equivalence classes for further processing
[2018-05-09 14:58:05.788] [jointLog] [info] Counted 20671144 total reads in the equivalence classes 
[2018-05-09 14:58:05.817] [jointLog] [info] Mapping rate = 71.0745%

[2018-05-09 14:58:05.817] [jointLog] [info] finished quantifyLibrary()
[2018-05-09 14:58:05.817] [jointLog] [info] Starting optimizer
[2018-05-09 14:58:05.870] [jointLog] [info] Marked 0 weighted equivalence classes as degenerate
[2018-05-09 14:58:05.874] [jointLog] [info] iteration = 0 | max rel diff. = 209.071
[2018-05-09 14:58:06.295] [jointLog] [info] iteration = 100 | max rel diff. = 0.106127
[2018-05-09 14:58:06.703] [jointLog] [info] iteration = 200 | max rel diff. = 0.0534275
[2018-05-09 14:58:07.108] [jointLog] [info] iteration = 300 | max rel diff. = 0.0413788
[2018-05-09 14:58:07.515] [jointLog] [info] iteration = 400 | max rel diff. = 0.0258936
[2018-05-09 14:58:07.919] [jointLog] [info] iteration = 500 | max rel diff. = 0.0249517
[2018-05-09 14:58:08.313] [jointLog] [info] iteration = 600 | max rel diff. = 0.0249821
[2018-05-09 14:58:08.707] [jointLog] [info] iteration = 700 | max rel diff. = 0.0153256
[2018-05-09 14:58:09.103] [jointLog] [info] iteration = 800 | max rel diff. = 0.0128122
[2018-05-09 14:58:09.501] [jointLog] [info] iteration = 900 | max rel diff. = 0.0123076
[2018-05-09 14:58:09.897] [jointLog] [info] iteration = 1000 | max rel diff. = 0.0102339
[2018-05-09 14:58:09.953] [jointLog] [info] iteration = 1015 | max rel diff. = 0.00999971
[2018-05-09 14:58:09.958] [jointLog] [info] Finished optimizer
[2018-05-09 14:58:09.958] [jointLog] [info] writing output 

[2018-05-09 14:58:10.073] [jointLog] [warning] NOTE: Read Lib [raw/B72.fastq.gz] :

Detected a *potential* strand bias > 1% in an unstranded protocol check the file: quants/raw/B72_quant/lib_format_counts.json for details

[2018-05-09 14:58:10.074] [jointLog] [info] Computing gene-level abundance estimates
[2018-05-09 14:58:27.537] [jointLog] [info] There were 58867 transcripts mapping to 31901 genes
[2018-05-09 14:58:27.688] [jointLog] [info] Aggregating expressions to gene level
[2018-05-09 14:58:27.783] [jointLog] [info] done
