[2018-05-09 14:52:48.040] [jointLog] [info] parsing read library format
[2018-05-09 14:52:48.040] [jointLog] [info] There is 1 library.
[2018-05-09 14:52:48.128] [jointLog] [info] Loading Quasi index
[2018-05-09 14:52:48.128] [jointLog] [info] Loading 32-bit quasi index
[2018-05-09 14:52:53.502] [jointLog] [info] done
[2018-05-09 14:52:53.502] [jointLog] [info] Index contained 57918 targets
[2018-05-09 14:52:53.952] [jointLog] [info] Automatically detected most likely library type as U
[2018-05-09 14:53:48.059] [fileLog] [info] 
At end of round 0
==================
Observed 24914527 total fragments (24914527 in most recent round)

[2018-05-09 14:53:48.059] [jointLog] [info] Computed 60425 rich equivalence classes for further processing
[2018-05-09 14:53:48.059] [jointLog] [info] Counted 6442960 total reads in the equivalence classes 
[2018-05-09 14:53:48.072] [jointLog] [info] Mapping rate = 25.8603%

[2018-05-09 14:53:48.072] [jointLog] [info] finished quantifyLibrary()
[2018-05-09 14:53:48.072] [jointLog] [info] Starting optimizer
[2018-05-09 14:53:48.126] [jointLog] [info] Marked 0 weighted equivalence classes as degenerate
[2018-05-09 14:53:48.128] [jointLog] [info] iteration = 0 | max rel diff. = 90.9539
[2018-05-09 14:53:48.424] [jointLog] [info] iteration = 100 | max rel diff. = 0.109052
[2018-05-09 14:53:48.719] [jointLog] [info] iteration = 200 | max rel diff. = 0.0522184
[2018-05-09 14:53:49.011] [jointLog] [info] iteration = 300 | max rel diff. = 0.0315078
[2018-05-09 14:53:49.308] [jointLog] [info] iteration = 400 | max rel diff. = 0.0248526
[2018-05-09 14:53:49.609] [jointLog] [info] iteration = 500 | max rel diff. = 0.0249452
[2018-05-09 14:53:49.912] [jointLog] [info] iteration = 600 | max rel diff. = 0.0151723
[2018-05-09 14:53:50.209] [jointLog] [info] iteration = 700 | max rel diff. = 0.0139125
[2018-05-09 14:53:50.495] [jointLog] [info] iteration = 800 | max rel diff. = 0.0123071
[2018-05-09 14:53:50.777] [jointLog] [info] iteration = 900 | max rel diff. = 0.0102645
[2018-05-09 14:53:51.067] [jointLog] [info] iteration = 1000 | max rel diff. = 0.0100207
[2018-05-09 14:53:51.078] [jointLog] [info] iteration = 1005 | max rel diff. = 0.00999964
[2018-05-09 14:53:51.086] [jointLog] [info] Finished optimizer
[2018-05-09 14:53:51.086] [jointLog] [info] writing output 

[2018-05-09 14:53:51.209] [jointLog] [warning] NOTE: Read Lib [raw/A72.fastq.gz] :

Detected a *potential* strand bias > 1% in an unstranded protocol check the file: quants/raw/A72_quant/lib_format_counts.json for details

[2018-05-09 14:53:51.210] [jointLog] [info] Computing gene-level abundance estimates
[2018-05-09 14:54:08.576] [jointLog] [info] There were 58867 transcripts mapping to 31901 genes
[2018-05-09 14:54:08.720] [jointLog] [info] Aggregating expressions to gene level
[2018-05-09 14:54:08.811] [jointLog] [info] done
