[2018-05-09 14:51:31.147] [jointLog] [info] parsing read library format
[2018-05-09 14:51:31.147] [jointLog] [info] There is 1 library.
[2018-05-09 14:51:31.239] [jointLog] [info] Loading Quasi index
[2018-05-09 14:51:31.239] [jointLog] [info] Loading 32-bit quasi index
[2018-05-09 14:51:36.300] [jointLog] [info] done
[2018-05-09 14:51:36.300] [jointLog] [info] Index contained 57918 targets
[2018-05-09 14:51:36.665] [jointLog] [info] Automatically detected most likely library type as U
[2018-05-09 14:52:24.242] [jointLog] [info] Computed 69709 rich equivalence classes for further processing
[2018-05-09 14:52:24.242] [jointLog] [info] Counted 10497660 total reads in the equivalence classes 
[2018-05-09 14:52:24.259] [jointLog] [info] Mapping rate = 45.0944%

[2018-05-09 14:52:24.259] [jointLog] [info] finished quantifyLibrary()
[2018-05-09 14:52:24.259] [jointLog] [info] Starting optimizer
[2018-05-09 14:52:24.242] [fileLog] [info] 
At end of round 0
==================
Observed 23279297 total fragments (23279297 in most recent round)

[2018-05-09 14:52:26.026] [jointLog] [info] Marked 0 weighted equivalence classes as degenerate
[2018-05-09 14:52:26.029] [jointLog] [info] iteration = 0 | max rel diff. = 131.443
[2018-05-09 14:52:26.389] [jointLog] [info] iteration = 100 | max rel diff. = 0.104733
[2018-05-09 14:52:26.747] [jointLog] [info] iteration = 200 | max rel diff. = 0.0496385
[2018-05-09 14:52:27.113] [jointLog] [info] iteration = 300 | max rel diff. = 0.0348856
[2018-05-09 14:52:27.474] [jointLog] [info] iteration = 400 | max rel diff. = 0.0248932
[2018-05-09 14:52:27.833] [jointLog] [info] iteration = 500 | max rel diff. = 0.0249476
[2018-05-09 14:52:28.189] [jointLog] [info] iteration = 600 | max rel diff. = 0.0249806
[2018-05-09 14:52:28.534] [jointLog] [info] iteration = 700 | max rel diff. = 0.0141454
[2018-05-09 14:52:28.881] [jointLog] [info] iteration = 800 | max rel diff. = 0.0123071
[2018-05-09 14:52:29.229] [jointLog] [info] iteration = 900 | max rel diff. = 0.0103137
[2018-05-09 14:52:29.405] [jointLog] [info] iteration = 952 | max rel diff. = 0.00999942
[2018-05-09 14:52:29.412] [jointLog] [info] Finished optimizer
[2018-05-09 14:52:29.412] [jointLog] [info] writing output 

[2018-05-09 14:52:29.525] [jointLog] [warning] NOTE: Read Lib [raw/A48.fastq.gz] :

Detected a *potential* strand bias > 1% in an unstranded protocol check the file: quants/raw/A48_quant/lib_format_counts.json for details

[2018-05-09 14:52:29.525] [jointLog] [info] Computing gene-level abundance estimates
[2018-05-09 14:52:46.940] [jointLog] [info] There were 58867 transcripts mapping to 31901 genes
[2018-05-09 14:52:47.087] [jointLog] [info] Aggregating expressions to gene level
[2018-05-09 14:52:47.178] [jointLog] [info] done
